d:\대학강의\2d게임프로그래밍자료\7주\3\gdiplusimage\debug\vc141.pdb
d:\대학강의\2d게임프로그래밍자료\7주\3\gdiplusimage\debug\vc141.idb
d:\대학강의\2d게임프로그래밍자료\7주\3\gdiplusimage\debug\dmanager.obj
d:\대학강의\2d게임프로그래밍자료\7주\3\gdiplusimage\debug\dresource.obj
d:\대학강의\2d게임프로그래밍자료\7주\3\gdiplusimage\debug\dsprite.obj
d:\대학강의\2d게임프로그래밍자료\7주\3\gdiplusimage\debug\dspritemanager.obj
d:\대학강의\2d게임프로그래밍자료\7주\3\gdiplusimage\debug\imagemanager.obj
d:\대학강의\2d게임프로그래밍자료\7주\3\gdiplusimage\debug\main.obj
d:\대학강의\2d게임프로그래밍자료\7주\3\gdiplusimage\debug\myimage.obj
d:\대학강의\2d게임프로그래밍자료\7주\3\gdiplusimage\debug\myobject.obj
d:\대학강의\2d게임프로그래밍자료\7주\3\gdiplusimage\debug\mycharacter.obj
c:\users\최지훈\desktop\gdiplusimage\debug\vc141.pdb
c:\users\최지훈\desktop\gdiplusimage\debug\vc141.idb
c:\users\최지훈\desktop\gdiplusimage\debug\dmanager.obj
c:\users\최지훈\desktop\gdiplusimage\debug\dresource.obj
c:\users\최지훈\desktop\gdiplusimage\debug\dsprite.obj
c:\users\최지훈\desktop\gdiplusimage\debug\dspritemanager.obj
c:\users\최지훈\desktop\gdiplusimage\debug\imagemanager.obj
c:\users\최지훈\desktop\gdiplusimage\debug\main.obj
c:\users\최지훈\desktop\gdiplusimage\debug\myimage.obj
c:\users\최지훈\desktop\gdiplusimage\debug\buffermanager.obj
c:\users\최지훈\desktop\gdiplusimage\debug\myobject.obj
c:\users\최지훈\desktop\gdiplusimage\debug\myplayer.obj
c:\users\최지훈\desktop\gdiplusimage\debug\mygun.obj
c:\users\최지훈\desktop\gdiplusimage\debug\mybullet.obj
c:\users\최지훈\desktop\gdiplusimage\debug\myeffect.obj
c:\users\최지훈\desktop\gdiplusimage\debug\mypredator.obj
c:\users\최지훈\desktop\gdiplusimage\debug\myslayer.obj
c:\users\최지훈\desktop\gdiplusimage\debug\mydominator.obj
c:\users\최지훈\desktop\gdiplusimage\debug\mydevastator.obj
d:\대학강의\2d게임프로그래밍자료\7주\3\gdiplusimage\debug\gdiplusimage.exe
d:\대학강의\2d게임프로그래밍자료\7주\3\gdiplusimage\debug\gdiplusimage.ilk
d:\대학강의\2d게임프로그래밍자료\7주\3\gdiplusimage\debug\gdiplusimage.pdb
c:\users\최지훈\desktop\gdiplusimage\debug\gdiplusimage.exe
c:\users\최지훈\desktop\gdiplusimage\debug\gdiplusimage.ilk
c:\users\최지훈\desktop\gdiplusimage\debug\gdiplusimage.pdb
c:\users\최지훈\desktop\gdiplusimage\debug\mycharacter.obj
c:\users\최지훈\desktop\gdiplusimage\debug\gdiplusimage.tlog\cl.command.1.tlog
c:\users\최지훈\desktop\gdiplusimage\debug\gdiplusimage.tlog\cl.read.1.tlog
c:\users\최지훈\desktop\gdiplusimage\debug\gdiplusimage.tlog\cl.write.1.tlog
c:\users\최지훈\desktop\gdiplusimage\debug\gdiplusimage.tlog\link.command.1.tlog
c:\users\최지훈\desktop\gdiplusimage\debug\gdiplusimage.tlog\link.read.1.tlog
c:\users\최지훈\desktop\gdiplusimage\debug\gdiplusimage.tlog\link.write.1.tlog
